{"/Users/satyanarayanathota/Desktop/VaLi/code/vali-be/scrapers/baseScraper.js": {"path":"/Users/satyanarayanathota/Desktop/VaLi/code/vali-be/scrapers/baseScraper.js","statementMap":{"0":{"start":{"line":1,"column":21},"end":{"line":1,"column":42}},"1":{"start":{"line":2,"column":17},"end":{"line":2,"column":36}},"2":{"start":{"line":3,"column":11},"end":{"line":3,"column":24}},"3":{"start":{"line":4,"column":13},"end":{"line":4,"column":28}},"4":{"start":{"line":8,"column":4},"end":{"line":8,"column":27}},"5":{"start":{"line":9,"column":4},"end":{"line":9,"column":24}},"6":{"start":{"line":10,"column":4},"end":{"line":10,"column":24}},"7":{"start":{"line":11,"column":4},"end":{"line":11,"column":21}},"8":{"start":{"line":16,"column":24},"end":{"line":16,"column":51}},"9":{"start":{"line":18,"column":4},"end":{"line":27,"column":7}},"10":{"start":{"line":29,"column":4},"end":{"line":38,"column":7}},"11":{"start":{"line":40,"column":4},"end":{"line":40,"column":45}},"12":{"start":{"line":43,"column":4},"end":{"line":49,"column":7}},"13":{"start":{"line":44,"column":6},"end":{"line":44,"column":74}},"14":{"start":{"line":44,"column":65},"end":{"line":44,"column":70}},"15":{"start":{"line":45,"column":6},"end":{"line":45,"column":84}},"16":{"start":{"line":45,"column":65},"end":{"line":45,"column":80}},"17":{"start":{"line":46,"column":6},"end":{"line":46,"column":78}},"18":{"start":{"line":46,"column":64},"end":{"line":46,"column":74}},"19":{"start":{"line":48,"column":6},"end":{"line":48,"column":50}},"20":{"start":{"line":53,"column":21},"end":{"line":53,"column":34}},"21":{"start":{"line":56,"column":4},"end":{"line":65,"column":5}},"22":{"start":{"line":58,"column":6},"end":{"line":58,"column":97}},"23":{"start":{"line":59,"column":11},"end":{"line":65,"column":5}},"24":{"start":{"line":61,"column":6},"end":{"line":61,"column":96}},"25":{"start":{"line":64,"column":6},"end":{"line":64,"column":71}},"26":{"start":{"line":68,"column":4},"end":{"line":75,"column":5}},"27":{"start":{"line":69,"column":17},"end":{"line":69,"column":30}},"28":{"start":{"line":70,"column":6},"end":{"line":72,"column":7}},"29":{"start":{"line":71,"column":8},"end":{"line":71,"column":26}},"30":{"start":{"line":77,"column":4},"end":{"line":77,"column":16}},"31":{"start":{"line":81,"column":4},"end":{"line":83,"column":5}},"32":{"start":{"line":82,"column":6},"end":{"line":82,"column":33}},"33":{"start":{"line":87,"column":4},"end":{"line":96,"column":7}},"34":{"start":{"line":88,"column":17},"end":{"line":91,"column":8}},"35":{"start":{"line":92,"column":6},"end":{"line":95,"column":9}},"36":{"start":{"line":93,"column":8},"end":{"line":93,"column":19}},"37":{"start":{"line":94,"column":8},"end":{"line":94,"column":18}},"38":{"start":{"line":100,"column":4},"end":{"line":100,"column":64}},"39":{"start":{"line":104,"column":19},"end":{"line":109,"column":5}},"40":{"start":{"line":110,"column":4},"end":{"line":110,"column":61}},"41":{"start":{"line":114,"column":15},"end":{"line":114,"column":64}},"42":{"start":{"line":115,"column":4},"end":{"line":115,"column":51}},"43":{"start":{"line":115,"column":30},"end":{"line":115,"column":49}},"44":{"start":{"line":119,"column":4},"end":{"line":124,"column":5}},"45":{"start":{"line":120,"column":20},"end":{"line":120,"column":45}},"46":{"start":{"line":121,"column":21},"end":{"line":121,"column":46}},"47":{"start":{"line":122,"column":6},"end":{"line":122,"column":63}},"48":{"start":{"line":123,"column":6},"end":{"line":123,"column":39}},"49":{"start":{"line":128,"column":0},"end":{"line":128,"column":29}}},"fnMap":{"0":{"name":"(anonymous_0)","decl":{"start":{"line":7,"column":2},"end":{"line":7,"column":3}},"loc":{"start":{"line":7,"column":28},"end":{"line":12,"column":3}},"line":7},"1":{"name":"(anonymous_1)","decl":{"start":{"line":14,"column":2},"end":{"line":14,"column":3}},"loc":{"start":{"line":14,"column":22},"end":{"line":50,"column":3}},"line":14},"2":{"name":"(anonymous_2)","decl":{"start":{"line":43,"column":34},"end":{"line":43,"column":35}},"loc":{"start":{"line":43,"column":40},"end":{"line":49,"column":5}},"line":43},"3":{"name":"(anonymous_3)","decl":{"start":{"line":44,"column":59},"end":{"line":44,"column":60}},"loc":{"start":{"line":44,"column":65},"end":{"line":44,"column":70}},"line":44},"4":{"name":"(anonymous_4)","decl":{"start":{"line":45,"column":59},"end":{"line":45,"column":60}},"loc":{"start":{"line":45,"column":65},"end":{"line":45,"column":80}},"line":45},"5":{"name":"(anonymous_5)","decl":{"start":{"line":46,"column":58},"end":{"line":46,"column":59}},"loc":{"start":{"line":46,"column":64},"end":{"line":46,"column":74}},"line":46},"6":{"name":"(anonymous_6)","decl":{"start":{"line":52,"column":2},"end":{"line":52,"column":3}},"loc":{"start":{"line":52,"column":25},"end":{"line":78,"column":3}},"line":52},"7":{"name":"(anonymous_7)","decl":{"start":{"line":80,"column":2},"end":{"line":80,"column":3}},"loc":{"start":{"line":80,"column":23},"end":{"line":84,"column":3}},"line":80},"8":{"name":"(anonymous_8)","decl":{"start":{"line":86,"column":2},"end":{"line":86,"column":3}},"loc":{"start":{"line":86,"column":118},"end":{"line":97,"column":3}},"line":86},"9":{"name":"(anonymous_9)","decl":{"start":{"line":87,"column":23},"end":{"line":87,"column":24}},"loc":{"start":{"line":87,"column":36},"end":{"line":96,"column":5}},"line":87},"10":{"name":"(anonymous_10)","decl":{"start":{"line":92,"column":36},"end":{"line":92,"column":37}},"loc":{"start":{"line":92,"column":42},"end":{"line":95,"column":7}},"line":92},"11":{"name":"(anonymous_11)","decl":{"start":{"line":99,"column":2},"end":{"line":99,"column":3}},"loc":{"start":{"line":99,"column":17},"end":{"line":101,"column":3}},"line":99},"12":{"name":"(anonymous_12)","decl":{"start":{"line":103,"column":2},"end":{"line":103,"column":3}},"loc":{"start":{"line":103,"column":23},"end":{"line":111,"column":3}},"line":103},"13":{"name":"(anonymous_13)","decl":{"start":{"line":113,"column":2},"end":{"line":113,"column":3}},"loc":{"start":{"line":113,"column":43},"end":{"line":116,"column":3}},"line":113},"14":{"name":"(anonymous_14)","decl":{"start":{"line":115,"column":23},"end":{"line":115,"column":24}},"loc":{"start":{"line":115,"column":30},"end":{"line":115,"column":49}},"line":115},"15":{"name":"(anonymous_15)","decl":{"start":{"line":118,"column":2},"end":{"line":118,"column":3}},"loc":{"start":{"line":118,"column":25},"end":{"line":125,"column":3}},"line":118}},"branchMap":{"0":{"loc":{"start":{"line":7,"column":14},"end":{"line":7,"column":26}},"type":"default-arg","locations":[{"start":{"line":7,"column":24},"end":{"line":7,"column":26}}],"line":7},"1":{"loc":{"start":{"line":37,"column":10},"end":{"line":37,"column":40}},"type":"binary-expr","locations":[{"start":{"line":37,"column":10},"end":{"line":37,"column":21}},{"start":{"line":37,"column":25},"end":{"line":37,"column":40}}],"line":37},"2":{"loc":{"start":{"line":56,"column":4},"end":{"line":65,"column":5}},"type":"if","locations":[{"start":{"line":56,"column":4},"end":{"line":65,"column":5}},{"start":{"line":59,"column":11},"end":{"line":65,"column":5}}],"line":56},"3":{"loc":{"start":{"line":59,"column":11},"end":{"line":65,"column":5}},"type":"if","locations":[{"start":{"line":59,"column":11},"end":{"line":65,"column":5}},{"start":{"line":62,"column":11},"end":{"line":65,"column":5}}],"line":59},"4":{"loc":{"start":{"line":70,"column":6},"end":{"line":72,"column":7}},"type":"if","locations":[{"start":{"line":70,"column":6},"end":{"line":72,"column":7}},{"start":{},"end":{}}],"line":70},"5":{"loc":{"start":{"line":81,"column":4},"end":{"line":83,"column":5}},"type":"if","locations":[{"start":{"line":81,"column":4},"end":{"line":83,"column":5}},{"start":{},"end":{}}],"line":81},"6":{"loc":{"start":{"line":86,"column":27},"end":{"line":86,"column":116}},"type":"default-arg","locations":[{"start":{"line":86,"column":37},"end":{"line":86,"column":116}}],"line":86},"7":{"loc":{"start":{"line":113,"column":20},"end":{"line":113,"column":29}},"type":"default-arg","locations":[{"start":{"line":113,"column":26},"end":{"line":113,"column":29}}],"line":113},"8":{"loc":{"start":{"line":113,"column":31},"end":{"line":113,"column":41}},"type":"default-arg","locations":[{"start":{"line":113,"column":37},"end":{"line":113,"column":41}}],"line":113},"9":{"loc":{"start":{"line":119,"column":4},"end":{"line":124,"column":5}},"type":"if","locations":[{"start":{"line":119,"column":4},"end":{"line":124,"column":5}},{"start":{},"end":{}}],"line":119}},"s":{"0":3,"1":3,"2":3,"3":3,"4":56,"5":56,"6":56,"7":56,"8":44,"9":44,"10":44,"11":44,"12":44,"13":0,"14":0,"15":0,"16":0,"17":0,"18":0,"19":0,"20":47,"21":47,"22":45,"23":2,"24":1,"25":1,"26":47,"27":47,"28":47,"29":42,"30":5,"31":53,"32":52,"33":14,"34":14,"35":14,"36":14,"37":14,"38":1,"39":55,"40":55,"41":130,"42":130,"43":130,"44":9,"45":8,"46":8,"47":8,"48":8,"49":3},"f":{"0":56,"1":44,"2":0,"3":0,"4":0,"5":0,"6":47,"7":53,"8":14,"9":14,"10":14,"11":1,"12":55,"13":130,"14":130,"15":9},"b":{"0":[19],"1":[44,40],"2":[45,2],"3":[1,1],"4":[42,5],"5":[52,1],"6":[0],"7":[1],"8":[1],"9":[8,1]},"_coverageSchema":"1a1c01bbd47fc00a2c39e90264f33305004495a9","hash":"b934f132dc4dc6ce1d428fb5c43416dd0142ab5d"}
,"/Users/satyanarayanathota/Desktop/VaLi/code/vali-be/scrapers/foodpandaScraper.js": {"path":"/Users/satyanarayanathota/Desktop/VaLi/code/vali-be/scrapers/foodpandaScraper.js","statementMap":{"0":{"start":{"line":1,"column":20},"end":{"line":1,"column":44}},"1":{"start":{"line":2,"column":11},"end":{"line":2,"column":24}},"2":{"start":{"line":3,"column":63},"end":{"line":3,"column":99}},"3":{"start":{"line":7,"column":4},"end":{"line":7,"column":43}},"4":{"start":{"line":11,"column":4},"end":{"line":11,"column":89}},"5":{"start":{"line":12,"column":4},"end":{"line":12,"column":39}},"6":{"start":{"line":15,"column":4},"end":{"line":15,"column":128}},"7":{"start":{"line":18,"column":4},"end":{"line":18,"column":32}},"8":{"start":{"line":21,"column":4},"end":{"line":21,"column":103}},"9":{"start":{"line":22,"column":4},"end":{"line":22,"column":38}},"10":{"start":{"line":23,"column":4},"end":{"line":23,"column":73}},"11":{"start":{"line":25,"column":4},"end":{"line":25,"column":39}},"12":{"start":{"line":28,"column":4},"end":{"line":28,"column":101}},"13":{"start":{"line":29,"column":4},"end":{"line":29,"column":38}},"14":{"start":{"line":30,"column":4},"end":{"line":30,"column":77}},"15":{"start":{"line":31,"column":4},"end":{"line":31,"column":37}},"16":{"start":{"line":34,"column":4},"end":{"line":34,"column":82}},"17":{"start":{"line":35,"column":4},"end":{"line":35,"column":39}},"18":{"start":{"line":38,"column":4},"end":{"line":38,"column":82}},"19":{"start":{"line":39,"column":4},"end":{"line":39,"column":38}},"20":{"start":{"line":40,"column":4},"end":{"line":40,"column":61}},"21":{"start":{"line":41,"column":4},"end":{"line":41,"column":37}},"22":{"start":{"line":44,"column":4},"end":{"line":44,"column":109}},"23":{"start":{"line":45,"column":4},"end":{"line":45,"column":39}},"24":{"start":{"line":48,"column":4},"end":{"line":53,"column":5}},"25":{"start":{"line":49,"column":6},"end":{"line":49,"column":100}},"26":{"start":{"line":50,"column":6},"end":{"line":50,"column":128}},"27":{"start":{"line":56,"column":4},"end":{"line":56,"column":41}},"28":{"start":{"line":59,"column":20},"end":{"line":59,"column":48}},"29":{"start":{"line":60,"column":4},"end":{"line":60,"column":52}},"30":{"start":{"line":65,"column":27},"end":{"line":76,"column":5}},"31":{"start":{"line":78,"column":4},"end":{"line":86,"column":5}},"32":{"start":{"line":79,"column":6},"end":{"line":85,"column":7}},"33":{"start":{"line":80,"column":8},"end":{"line":80,"column":69}},"34":{"start":{"line":81,"column":8},"end":{"line":81,"column":60}},"35":{"start":{"line":82,"column":8},"end":{"line":82,"column":20}},"36":{"start":{"line":89,"column":4},"end":{"line":96,"column":5}},"37":{"start":{"line":90,"column":6},"end":{"line":90,"column":104}},"38":{"start":{"line":91,"column":6},"end":{"line":91,"column":66}},"39":{"start":{"line":92,"column":6},"end":{"line":92,"column":19}},"40":{"start":{"line":94,"column":6},"end":{"line":94,"column":65}},"41":{"start":{"line":95,"column":6},"end":{"line":95,"column":18}},"42":{"start":{"line":100,"column":4},"end":{"line":100,"column":51}},"43":{"start":{"line":103,"column":29},"end":{"line":111,"column":5}},"44":{"start":{"line":113,"column":28},"end":{"line":113,"column":33}},"45":{"start":{"line":114,"column":23},"end":{"line":114,"column":27}},"46":{"start":{"line":116,"column":4},"end":{"line":126,"column":5}},"47":{"start":{"line":117,"column":6},"end":{"line":125,"column":7}},"48":{"start":{"line":118,"column":8},"end":{"line":118,"column":63}},"49":{"start":{"line":119,"column":8},"end":{"line":119,"column":84}},"50":{"start":{"line":120,"column":8},"end":{"line":120,"column":58}},"51":{"start":{"line":121,"column":8},"end":{"line":121,"column":33}},"52":{"start":{"line":122,"column":8},"end":{"line":122,"column":14}},"53":{"start":{"line":124,"column":8},"end":{"line":124,"column":62}},"54":{"start":{"line":128,"column":4},"end":{"line":140,"column":5}},"55":{"start":{"line":129,"column":6},"end":{"line":129,"column":65}},"56":{"start":{"line":130,"column":21},"end":{"line":137,"column":7}},"57":{"start":{"line":131,"column":8},"end":{"line":136,"column":11}},"58":{"start":{"line":131,"column":29},"end":{"line":136,"column":9}},"59":{"start":{"line":138,"column":6},"end":{"line":138,"column":26}},"60":{"start":{"line":139,"column":6},"end":{"line":139,"column":49}},"61":{"start":{"line":143,"column":4},"end":{"line":143,"column":38}},"62":{"start":{"line":144,"column":4},"end":{"line":144,"column":31}},"63":{"start":{"line":145,"column":4},"end":{"line":145,"column":32}},"64":{"start":{"line":146,"column":4},"end":{"line":146,"column":37}},"65":{"start":{"line":147,"column":4},"end":{"line":147,"column":38}},"66":{"start":{"line":148,"column":4},"end":{"line":148,"column":38}},"67":{"start":{"line":149,"column":4},"end":{"line":149,"column":44}},"68":{"start":{"line":152,"column":4},"end":{"line":152,"column":57}},"69":{"start":{"line":153,"column":32},"end":{"line":161,"column":5}},"70":{"start":{"line":163,"column":26},"end":{"line":163,"column":31}},"71":{"start":{"line":164,"column":4},"end":{"line":177,"column":5}},"72":{"start":{"line":165,"column":6},"end":{"line":176,"column":7}},"73":{"start":{"line":166,"column":8},"end":{"line":166,"column":66}},"74":{"start":{"line":167,"column":8},"end":{"line":167,"column":69}},"75":{"start":{"line":168,"column":8},"end":{"line":168,"column":55}},"76":{"start":{"line":169,"column":8},"end":{"line":169,"column":42}},"77":{"start":{"line":170,"column":8},"end":{"line":170,"column":40}},"78":{"start":{"line":171,"column":8},"end":{"line":171,"column":31}},"79":{"start":{"line":172,"column":8},"end":{"line":172,"column":55}},"80":{"start":{"line":173,"column":8},"end":{"line":173,"column":14}},"81":{"start":{"line":175,"column":8},"end":{"line":175,"column":65}},"82":{"start":{"line":179,"column":4},"end":{"line":184,"column":5}},"83":{"start":{"line":180,"column":6},"end":{"line":180,"column":83}},"84":{"start":{"line":182,"column":6},"end":{"line":182,"column":46}},"85":{"start":{"line":183,"column":6},"end":{"line":183,"column":41}},"86":{"start":{"line":187,"column":4},"end":{"line":187,"column":56}},"87":{"start":{"line":188,"column":4},"end":{"line":188,"column":41}},"88":{"start":{"line":192,"column":4},"end":{"line":192,"column":29}},"89":{"start":{"line":193,"column":4},"end":{"line":297,"column":5}},"90":{"start":{"line":195,"column":6},"end":{"line":195,"column":65}},"91":{"start":{"line":196,"column":28},"end":{"line":196,"column":79}},"92":{"start":{"line":199,"column":20},"end":{"line":199,"column":58}},"93":{"start":{"line":200,"column":21},"end":{"line":200,"column":26}},"94":{"start":{"line":202,"column":6},"end":{"line":217,"column":7}},"95":{"start":{"line":203,"column":8},"end":{"line":203,"column":56}},"96":{"start":{"line":204,"column":8},"end":{"line":204,"column":83}},"97":{"start":{"line":207,"column":33},"end":{"line":209,"column":9}},"98":{"start":{"line":208,"column":10},"end":{"line":208,"column":87}},"99":{"start":{"line":210,"column":8},"end":{"line":210,"column":99}},"100":{"start":{"line":210,"column":77},"end":{"line":210,"column":83}},"101":{"start":{"line":212,"column":8},"end":{"line":212,"column":55}},"102":{"start":{"line":213,"column":8},"end":{"line":213,"column":34}},"103":{"start":{"line":214,"column":13},"end":{"line":217,"column":7}},"104":{"start":{"line":215,"column":8},"end":{"line":215,"column":56}},"105":{"start":{"line":216,"column":8},"end":{"line":216,"column":47}},"106":{"start":{"line":219,"column":6},"end":{"line":235,"column":7}},"107":{"start":{"line":220,"column":8},"end":{"line":220,"column":93}},"108":{"start":{"line":221,"column":8},"end":{"line":221,"column":43}},"109":{"start":{"line":224,"column":8},"end":{"line":224,"column":48}},"110":{"start":{"line":226,"column":8},"end":{"line":234,"column":9}},"111":{"start":{"line":227,"column":10},"end":{"line":227,"column":64}},"112":{"start":{"line":229,"column":10},"end":{"line":229,"column":70}},"113":{"start":{"line":230,"column":10},"end":{"line":230,"column":45}},"114":{"start":{"line":231,"column":10},"end":{"line":231,"column":50}},"115":{"start":{"line":232,"column":10},"end":{"line":232,"column":60}},"116":{"start":{"line":233,"column":10},"end":{"line":233,"column":62}},"117":{"start":{"line":237,"column":6},"end":{"line":241,"column":7}},"118":{"start":{"line":238,"column":8},"end":{"line":238,"column":53}},"119":{"start":{"line":240,"column":8},"end":{"line":240,"column":50}},"120":{"start":{"line":244,"column":6},"end":{"line":250,"column":7}},"121":{"start":{"line":245,"column":8},"end":{"line":245,"column":88}},"122":{"start":{"line":246,"column":8},"end":{"line":246,"column":42}},"123":{"start":{"line":247,"column":8},"end":{"line":247,"column":59}},"124":{"start":{"line":253,"column":6},"end":{"line":253,"column":47}},"125":{"start":{"line":256,"column":6},"end":{"line":256,"column":53}},"126":{"start":{"line":257,"column":6},"end":{"line":257,"column":115}},"127":{"start":{"line":258,"column":6},"end":{"line":258,"column":40}},"128":{"start":{"line":259,"column":6},"end":{"line":259,"column":97}},"129":{"start":{"line":260,"column":6},"end":{"line":260,"column":39}},"130":{"start":{"line":261,"column":6},"end":{"line":261,"column":46}},"131":{"start":{"line":264,"column":6},"end":{"line":264,"column":43}},"132":{"start":{"line":267,"column":22},"end":{"line":282,"column":7}},"133":{"start":{"line":269,"column":19},"end":{"line":281,"column":10}},"134":{"start":{"line":271,"column":23},"end":{"line":271,"column":95}},"135":{"start":{"line":273,"column":26},"end":{"line":273,"column":100}},"136":{"start":{"line":275,"column":31},"end":{"line":275,"column":117}},"137":{"start":{"line":277,"column":30},"end":{"line":277,"column":114}},"138":{"start":{"line":279,"column":23},"end":{"line":279,"column":58}},"139":{"start":{"line":280,"column":10},"end":{"line":280,"column":68}},"140":{"start":{"line":283,"column":6},"end":{"line":283,"column":32}},"141":{"start":{"line":284,"column":6},"end":{"line":289,"column":9}},"142":{"start":{"line":292,"column":6},"end":{"line":294,"column":7}},"143":{"start":{"line":293,"column":8},"end":{"line":293,"column":84}},"144":{"start":{"line":295,"column":6},"end":{"line":295,"column":32}},"145":{"start":{"line":296,"column":6},"end":{"line":296,"column":16}},"146":{"start":{"line":301,"column":0},"end":{"line":301,"column":34}}},"fnMap":{"0":{"name":"(anonymous_0)","decl":{"start":{"line":6,"column":2},"end":{"line":6,"column":3}},"loc":{"start":{"line":6,"column":28},"end":{"line":8,"column":3}},"line":6},"1":{"name":"(anonymous_1)","decl":{"start":{"line":10,"column":2},"end":{"line":10,"column":3}},"loc":{"start":{"line":10,"column":39},"end":{"line":61,"column":3}},"line":10},"2":{"name":"(anonymous_2)","decl":{"start":{"line":63,"column":2},"end":{"line":63,"column":3}},"loc":{"start":{"line":63,"column":26},"end":{"line":97,"column":3}},"line":63},"3":{"name":"(anonymous_3)","decl":{"start":{"line":99,"column":2},"end":{"line":99,"column":3}},"loc":{"start":{"line":99,"column":38},"end":{"line":189,"column":3}},"line":99},"4":{"name":"(anonymous_4)","decl":{"start":{"line":130,"column":53},"end":{"line":130,"column":54}},"loc":{"start":{"line":131,"column":8},"end":{"line":136,"column":11}},"line":131},"5":{"name":"(anonymous_5)","decl":{"start":{"line":131,"column":19},"end":{"line":131,"column":20}},"loc":{"start":{"line":131,"column":29},"end":{"line":136,"column":9}},"line":131},"6":{"name":"(anonymous_6)","decl":{"start":{"line":191,"column":2},"end":{"line":191,"column":3}},"loc":{"start":{"line":191,"column":63},"end":{"line":298,"column":3}},"line":191},"7":{"name":"(anonymous_7)","decl":{"start":{"line":207,"column":56},"end":{"line":207,"column":57}},"loc":{"start":{"line":208,"column":10},"end":{"line":208,"column":87}},"line":208},"8":{"name":"(anonymous_8)","decl":{"start":{"line":210,"column":72},"end":{"line":210,"column":73}},"loc":{"start":{"line":210,"column":77},"end":{"line":210,"column":83}},"line":210},"9":{"name":"(anonymous_9)","decl":{"start":{"line":269,"column":8},"end":{"line":269,"column":9}},"loc":{"start":{"line":269,"column":19},"end":{"line":281,"column":10}},"line":269},"10":{"name":"(anonymous_10)","decl":{"start":{"line":269,"column":29},"end":{"line":269,"column":30}},"loc":{"start":{"line":269,"column":37},"end":{"line":281,"column":9}},"line":269}},"branchMap":{"0":{"loc":{"start":{"line":6,"column":14},"end":{"line":6,"column":26}},"type":"default-arg","locations":[{"start":{"line":6,"column":24},"end":{"line":6,"column":26}}],"line":6},"1":{"loc":{"start":{"line":128,"column":4},"end":{"line":140,"column":5}},"type":"if","locations":[{"start":{"line":128,"column":4},"end":{"line":140,"column":5}},{"start":{},"end":{}}],"line":128},"2":{"loc":{"start":{"line":179,"column":4},"end":{"line":184,"column":5}},"type":"if","locations":[{"start":{"line":179,"column":4},"end":{"line":184,"column":5}},{"start":{},"end":{}}],"line":179},"3":{"loc":{"start":{"line":202,"column":6},"end":{"line":217,"column":7}},"type":"if","locations":[{"start":{"line":202,"column":6},"end":{"line":217,"column":7}},{"start":{"line":214,"column":13},"end":{"line":217,"column":7}}],"line":202},"4":{"loc":{"start":{"line":202,"column":10},"end":{"line":202,"column":55}},"type":"binary-expr","locations":[{"start":{"line":202,"column":10},"end":{"line":202,"column":25}},{"start":{"line":202,"column":29},"end":{"line":202,"column":55}}],"line":202},"5":{"loc":{"start":{"line":208,"column":10},"end":{"line":208,"column":87}},"type":"binary-expr","locations":[{"start":{"line":208,"column":10},"end":{"line":208,"column":28}},{"start":{"line":208,"column":32},"end":{"line":208,"column":58}},{"start":{"line":208,"column":62},"end":{"line":208,"column":87}}],"line":208},"6":{"loc":{"start":{"line":214,"column":13},"end":{"line":217,"column":7}},"type":"if","locations":[{"start":{"line":214,"column":13},"end":{"line":217,"column":7}},{"start":{},"end":{}}],"line":214},"7":{"loc":{"start":{"line":214,"column":17},"end":{"line":214,"column":46}},"type":"binary-expr","locations":[{"start":{"line":214,"column":17},"end":{"line":214,"column":24}},{"start":{"line":214,"column":28},"end":{"line":214,"column":46}}],"line":214},"8":{"loc":{"start":{"line":219,"column":6},"end":{"line":235,"column":7}},"type":"if","locations":[{"start":{"line":219,"column":6},"end":{"line":235,"column":7}},{"start":{},"end":{}}],"line":219},"9":{"loc":{"start":{"line":219,"column":10},"end":{"line":219,"column":39}},"type":"binary-expr","locations":[{"start":{"line":219,"column":10},"end":{"line":219,"column":17}},{"start":{"line":219,"column":21},"end":{"line":219,"column":39}}],"line":219},"10":{"loc":{"start":{"line":226,"column":8},"end":{"line":234,"column":9}},"type":"if","locations":[{"start":{"line":226,"column":8},"end":{"line":234,"column":9}},{"start":{"line":228,"column":15},"end":{"line":234,"column":9}}],"line":226},"11":{"loc":{"start":{"line":237,"column":6},"end":{"line":241,"column":7}},"type":"if","locations":[{"start":{"line":237,"column":6},"end":{"line":241,"column":7}},{"start":{},"end":{}}],"line":237},"12":{"loc":{"start":{"line":271,"column":23},"end":{"line":271,"column":95}},"type":"binary-expr","locations":[{"start":{"line":271,"column":23},"end":{"line":271,"column":89}},{"start":{"line":271,"column":93},"end":{"line":271,"column":95}}],"line":271},"13":{"loc":{"start":{"line":273,"column":26},"end":{"line":273,"column":100}},"type":"binary-expr","locations":[{"start":{"line":273,"column":26},"end":{"line":273,"column":94}},{"start":{"line":273,"column":98},"end":{"line":273,"column":100}}],"line":273},"14":{"loc":{"start":{"line":275,"column":31},"end":{"line":275,"column":117}},"type":"binary-expr","locations":[{"start":{"line":275,"column":31},"end":{"line":275,"column":111}},{"start":{"line":275,"column":115},"end":{"line":275,"column":117}}],"line":275},"15":{"loc":{"start":{"line":277,"column":30},"end":{"line":277,"column":114}},"type":"binary-expr","locations":[{"start":{"line":277,"column":30},"end":{"line":277,"column":108}},{"start":{"line":277,"column":112},"end":{"line":277,"column":114}}],"line":277},"16":{"loc":{"start":{"line":279,"column":23},"end":{"line":279,"column":58}},"type":"binary-expr","locations":[{"start":{"line":279,"column":23},"end":{"line":279,"column":52}},{"start":{"line":279,"column":56},"end":{"line":279,"column":58}}],"line":279},"17":{"loc":{"start":{"line":292,"column":6},"end":{"line":294,"column":7}},"type":"if","locations":[{"start":{"line":292,"column":6},"end":{"line":294,"column":7}},{"start":{},"end":{}}],"line":292}},"s":{"0":2,"1":2,"2":2,"3":35,"4":11,"5":7,"6":7,"7":7,"8":7,"9":7,"10":7,"11":7,"12":7,"13":7,"14":7,"15":7,"16":7,"17":7,"18":7,"19":7,"20":7,"21":7,"22":7,"23":7,"24":7,"25":7,"26":6,"27":7,"28":7,"29":7,"30":14,"31":14,"32":33,"33":33,"34":12,"35":12,"36":2,"37":2,"38":0,"39":0,"40":2,"41":2,"42":19,"43":19,"44":19,"45":19,"46":19,"47":33,"48":33,"49":33,"50":17,"51":17,"52":17,"53":16,"54":19,"55":2,"56":2,"57":0,"58":0,"59":2,"60":2,"61":17,"62":17,"63":7,"64":7,"65":7,"66":7,"67":7,"68":7,"69":7,"70":7,"71":7,"72":19,"73":19,"74":19,"75":5,"76":5,"77":5,"78":5,"79":5,"80":5,"81":14,"82":7,"83":2,"84":2,"85":2,"86":7,"87":7,"88":13,"89":13,"90":13,"91":13,"92":13,"93":13,"94":13,"95":7,"96":7,"97":7,"98":8,"99":7,"100":3,"101":7,"102":7,"103":6,"104":2,"105":2,"106":13,"107":9,"108":9,"109":9,"110":9,"111":9,"112":0,"113":0,"114":0,"115":0,"116":0,"117":13,"118":4,"119":4,"120":10,"121":10,"122":10,"123":10,"124":10,"125":0,"126":0,"127":0,"128":0,"129":0,"130":0,"131":0,"132":0,"133":0,"134":0,"135":0,"136":0,"137":0,"138":0,"139":0,"140":0,"141":0,"142":13,"143":13,"144":13,"145":13,"146":2},"f":{"0":35,"1":11,"2":14,"3":19,"4":0,"5":0,"6":13,"7":8,"8":3,"9":0,"10":0},"b":{"0":[35],"1":[2,17],"2":[2,5],"3":[7,6],"4":[13,7],"5":[8,5,5],"6":[2,4],"7":[6,2],"8":[9,4],"9":[13,9],"10":[9,0],"11":[4,9],"12":[0,0],"13":[0,0],"14":[0,0],"15":[0,0],"16":[0,0],"17":[13,0]},"_coverageSchema":"1a1c01bbd47fc00a2c39e90264f33305004495a9","hash":"db1604d5258e662c2f80d1708f5d4fba99d5c3f2"}
,"/Users/satyanarayanathota/Desktop/VaLi/code/vali-be/session/sessionManager.js": {"path":"/Users/satyanarayanathota/Desktop/VaLi/code/vali-be/session/sessionManager.js","statementMap":{"0":{"start":{"line":1,"column":11},"end":{"line":1,"column":24}},"1":{"start":{"line":2,"column":13},"end":{"line":2,"column":28}},"2":{"start":{"line":4,"column":20},"end":{"line":4,"column":52}},"3":{"start":{"line":5,"column":0},"end":{"line":7,"column":1}},"4":{"start":{"line":6,"column":2},"end":{"line":6,"column":28}},"5":{"start":{"line":10,"column":2},"end":{"line":10,"column":62}},"6":{"start":{"line":14,"column":2},"end":{"line":39,"column":5}},"7":{"start":{"line":16,"column":19},"end":{"line":16,"column":34}},"8":{"start":{"line":17,"column":4},"end":{"line":23,"column":5}},"9":{"start":{"line":18,"column":6},"end":{"line":18,"column":24}},"10":{"start":{"line":19,"column":11},"end":{"line":23,"column":5}},"11":{"start":{"line":20,"column":6},"end":{"line":20,"column":23}},"12":{"start":{"line":21,"column":11},"end":{"line":23,"column":5}},"13":{"start":{"line":22,"column":6},"end":{"line":22,"column":26}},"14":{"start":{"line":25,"column":4},"end":{"line":38,"column":6}},"15":{"start":{"line":44,"column":2},"end":{"line":44,"column":82}},"16":{"start":{"line":48,"column":19},"end":{"line":48,"column":55}},"17":{"start":{"line":49,"column":2},"end":{"line":53,"column":3}},"18":{"start":{"line":51,"column":20},"end":{"line":51,"column":57}},"19":{"start":{"line":52,"column":4},"end":{"line":52,"column":37}},"20":{"start":{"line":54,"column":2},"end":{"line":54,"column":14}},"21":{"start":{"line":58,"column":2},"end":{"line":73,"column":3}},"22":{"start":{"line":60,"column":28},"end":{"line":60,"column":81}},"23":{"start":{"line":63,"column":30},"end":{"line":63,"column":63}},"24":{"start":{"line":66,"column":4},"end":{"line":66,"column":59}},"25":{"start":{"line":68,"column":4},"end":{"line":68,"column":104}},"26":{"start":{"line":69,"column":4},"end":{"line":69,"column":29}},"27":{"start":{"line":71,"column":4},"end":{"line":71,"column":86}},"28":{"start":{"line":72,"column":4},"end":{"line":72,"column":16}},"29":{"start":{"line":77,"column":27},"end":{"line":77,"column":78}},"30":{"start":{"line":79,"column":2},"end":{"line":90,"column":3}},"31":{"start":{"line":80,"column":4},"end":{"line":80,"column":70}},"32":{"start":{"line":81,"column":4},"end":{"line":81,"column":81}},"33":{"start":{"line":83,"column":4},"end":{"line":83,"column":76}},"34":{"start":{"line":84,"column":4},"end":{"line":84,"column":43}},"35":{"start":{"line":85,"column":4},"end":{"line":85,"column":82}},"36":{"start":{"line":86,"column":4},"end":{"line":86,"column":64}},"37":{"start":{"line":87,"column":4},"end":{"line":87,"column":71}},"38":{"start":{"line":88,"column":4},"end":{"line":88,"column":47}},"39":{"start":{"line":89,"column":4},"end":{"line":89,"column":16}},"40":{"start":{"line":93,"column":0},"end":{"line":99,"column":2}}},"fnMap":{"0":{"name":"getSessionFilePath","decl":{"start":{"line":9,"column":9},"end":{"line":9,"column":27}},"loc":{"start":{"line":9,"column":46},"end":{"line":11,"column":1}},"line":9},"1":{"name":"normalizeCookies","decl":{"start":{"line":13,"column":9},"end":{"line":13,"column":25}},"loc":{"start":{"line":13,"column":35},"end":{"line":40,"column":1}},"line":13},"2":{"name":"(anonymous_2)","decl":{"start":{"line":14,"column":21},"end":{"line":14,"column":22}},"loc":{"start":{"line":14,"column":31},"end":{"line":39,"column":3}},"line":14},"3":{"name":"saveCookies","decl":{"start":{"line":42,"column":15},"end":{"line":42,"column":26}},"loc":{"start":{"line":42,"column":54},"end":{"line":45,"column":1}},"line":42},"4":{"name":"loadCookies","decl":{"start":{"line":47,"column":15},"end":{"line":47,"column":26}},"loc":{"start":{"line":47,"column":45},"end":{"line":55,"column":1}},"line":47},"5":{"name":"loadCookiesFromExportedFile","decl":{"start":{"line":57,"column":15},"end":{"line":57,"column":42}},"loc":{"start":{"line":57,"column":79},"end":{"line":74,"column":1}},"line":57},"6":{"name":"importCookiesFromBrowser","decl":{"start":{"line":76,"column":15},"end":{"line":76,"column":39}},"loc":{"start":{"line":76,"column":58},"end":{"line":91,"column":1}},"line":76}},"branchMap":{"0":{"loc":{"start":{"line":5,"column":0},"end":{"line":7,"column":1}},"type":"if","locations":[{"start":{"line":5,"column":0},"end":{"line":7,"column":1}},{"start":{},"end":{}}],"line":5},"1":{"loc":{"start":{"line":17,"column":4},"end":{"line":23,"column":5}},"type":"if","locations":[{"start":{"line":17,"column":4},"end":{"line":23,"column":5}},{"start":{"line":19,"column":11},"end":{"line":23,"column":5}}],"line":17},"2":{"loc":{"start":{"line":17,"column":8},"end":{"line":17,"column":84}},"type":"binary-expr","locations":[{"start":{"line":17,"column":8},"end":{"line":17,"column":37}},{"start":{"line":17,"column":41},"end":{"line":17,"column":58}},{"start":{"line":17,"column":62},"end":{"line":17,"column":84}}],"line":17},"3":{"loc":{"start":{"line":19,"column":11},"end":{"line":23,"column":5}},"type":"if","locations":[{"start":{"line":19,"column":11},"end":{"line":23,"column":5}},{"start":{"line":21,"column":11},"end":{"line":23,"column":5}}],"line":19},"4":{"loc":{"start":{"line":21,"column":11},"end":{"line":23,"column":5}},"type":"if","locations":[{"start":{"line":21,"column":11},"end":{"line":23,"column":5}},{"start":{},"end":{}}],"line":21},"5":{"loc":{"start":{"line":29,"column":14},"end":{"line":29,"column":33}},"type":"binary-expr","locations":[{"start":{"line":29,"column":14},"end":{"line":29,"column":27}},{"start":{"line":29,"column":31},"end":{"line":29,"column":33}}],"line":29},"6":{"loc":{"start":{"line":30,"column":12},"end":{"line":30,"column":29}},"type":"binary-expr","locations":[{"start":{"line":30,"column":12},"end":{"line":30,"column":23}},{"start":{"line":30,"column":27},"end":{"line":30,"column":29}}],"line":30},"7":{"loc":{"start":{"line":31,"column":13},"end":{"line":31,"column":31}},"type":"binary-expr","locations":[{"start":{"line":31,"column":13},"end":{"line":31,"column":25}},{"start":{"line":31,"column":29},"end":{"line":31,"column":31}}],"line":31},"8":{"loc":{"start":{"line":32,"column":12},"end":{"line":32,"column":30}},"type":"binary-expr","locations":[{"start":{"line":32,"column":12},"end":{"line":32,"column":23}},{"start":{"line":32,"column":27},"end":{"line":32,"column":30}}],"line":32},"9":{"loc":{"start":{"line":33,"column":14},"end":{"line":33,"column":36}},"type":"binary-expr","locations":[{"start":{"line":33,"column":14},"end":{"line":33,"column":27}},{"start":{"line":33,"column":31},"end":{"line":33,"column":36}}],"line":33},"10":{"loc":{"start":{"line":34,"column":16},"end":{"line":34,"column":40}},"type":"binary-expr","locations":[{"start":{"line":34,"column":16},"end":{"line":34,"column":31}},{"start":{"line":34,"column":35},"end":{"line":34,"column":40}}],"line":34},"11":{"loc":{"start":{"line":49,"column":2},"end":{"line":53,"column":3}},"type":"if","locations":[{"start":{"line":49,"column":2},"end":{"line":53,"column":3}},{"start":{},"end":{}}],"line":49},"12":{"loc":{"start":{"line":79,"column":2},"end":{"line":90,"column":3}},"type":"if","locations":[{"start":{"line":79,"column":2},"end":{"line":90,"column":3}},{"start":{"line":82,"column":9},"end":{"line":90,"column":3}}],"line":79}},"s":{"0":3,"1":3,"2":3,"3":3,"4":1,"5":8,"6":10,"7":21,"8":21,"9":6,"10":15,"11":2,"12":13,"13":1,"14":21,"15":5,"16":3,"17":3,"18":2,"19":1,"20":1,"21":5,"22":5,"23":2,"24":2,"25":2,"26":2,"27":3,"28":3,"29":3,"30":3,"31":2,"32":2,"33":1,"34":1,"35":1,"36":1,"37":1,"38":1,"39":1,"40":3},"f":{"0":8,"1":10,"2":21,"3":5,"4":3,"5":5,"6":3},"b":{"0":[1,2],"1":[6,15],"2":[21,20,19],"3":[2,13],"4":[1,12],"5":[21,7],"6":[21,0],"7":[21,5],"8":[21,8],"9":[21,8],"10":[21,14],"11":[2,1],"12":[2,1]},"_coverageSchema":"1a1c01bbd47fc00a2c39e90264f33305004495a9","hash":"31d7ed949281767eb364a1f4c61e3abae92dae93"}
}
