TN:
SF:scrapers/baseScraper.js
FN:7,(anonymous_0)
FN:14,(anonymous_1)
FN:43,(anonymous_2)
FN:44,(anonymous_3)
FN:45,(anonymous_4)
FN:46,(anonymous_5)
FN:52,(anonymous_6)
FN:80,(anonymous_7)
FN:86,(anonymous_8)
FN:87,(anonymous_9)
FN:92,(anonymous_10)
FN:99,(anonymous_11)
FN:103,(anonymous_12)
FN:113,(anonymous_13)
FN:115,(anonymous_14)
FN:118,(anonymous_15)
FNF:16
FNH:12
FNDA:56,(anonymous_0)
FNDA:44,(anonymous_1)
FNDA:0,(anonymous_2)
FNDA:0,(anonymous_3)
FNDA:0,(anonymous_4)
FNDA:0,(anonymous_5)
FNDA:47,(anonymous_6)
FNDA:53,(anonymous_7)
FNDA:14,(anonymous_8)
FNDA:14,(anonymous_9)
FNDA:14,(anonymous_10)
FNDA:1,(anonymous_11)
FNDA:55,(anonymous_12)
FNDA:130,(anonymous_13)
FNDA:130,(anonymous_14)
FNDA:9,(anonymous_15)
DA:1,3
DA:2,3
DA:3,3
DA:4,3
DA:8,56
DA:9,56
DA:10,56
DA:11,56
DA:16,44
DA:18,44
DA:29,44
DA:40,44
DA:43,44
DA:44,0
DA:45,0
DA:46,0
DA:48,0
DA:53,47
DA:56,47
DA:58,45
DA:59,2
DA:61,1
DA:64,1
DA:68,47
DA:69,47
DA:70,47
DA:71,42
DA:77,5
DA:81,53
DA:82,52
DA:87,14
DA:88,14
DA:92,14
DA:93,14
DA:94,14
DA:100,1
DA:104,55
DA:110,55
DA:114,130
DA:115,130
DA:119,9
DA:120,8
DA:121,8
DA:122,8
DA:123,8
DA:128,3
LF:46
LH:42
BRDA:7,0,0,19
BRDA:37,1,0,44
BRDA:37,1,1,40
BRDA:56,2,0,45
BRDA:56,2,1,2
BRDA:59,3,0,1
BRDA:59,3,1,1
BRDA:70,4,0,42
BRDA:70,4,1,5
BRDA:81,5,0,52
BRDA:81,5,1,1
BRDA:86,6,0,0
BRDA:113,7,0,1
BRDA:113,8,0,1
BRDA:119,9,0,8
BRDA:119,9,1,1
BRF:16
BRH:15
end_of_record
TN:
SF:scrapers/foodpandaScraper.js
FN:6,(anonymous_0)
FN:10,(anonymous_1)
FN:63,(anonymous_2)
FN:99,(anonymous_3)
FN:130,(anonymous_4)
FN:131,(anonymous_5)
FN:191,(anonymous_6)
FN:207,(anonymous_7)
FN:210,(anonymous_8)
FN:269,(anonymous_9)
FN:269,(anonymous_10)
FNF:11
FNH:7
FNDA:35,(anonymous_0)
FNDA:11,(anonymous_1)
FNDA:14,(anonymous_2)
FNDA:19,(anonymous_3)
FNDA:0,(anonymous_4)
FNDA:0,(anonymous_5)
FNDA:13,(anonymous_6)
FNDA:8,(anonymous_7)
FNDA:3,(anonymous_8)
FNDA:0,(anonymous_9)
FNDA:0,(anonymous_10)
DA:1,2
DA:2,2
DA:3,2
DA:7,35
DA:11,11
DA:12,7
DA:15,7
DA:18,7
DA:21,7
DA:22,7
DA:23,7
DA:25,7
DA:28,7
DA:29,7
DA:30,7
DA:31,7
DA:34,7
DA:35,7
DA:38,7
DA:39,7
DA:40,7
DA:41,7
DA:44,7
DA:45,7
DA:48,7
DA:49,7
DA:50,6
DA:56,7
DA:59,7
DA:60,7
DA:65,14
DA:78,14
DA:79,33
DA:80,33
DA:81,12
DA:82,12
DA:89,2
DA:90,2
DA:91,0
DA:92,0
DA:94,2
DA:95,2
DA:100,19
DA:103,19
DA:113,19
DA:114,19
DA:116,19
DA:117,33
DA:118,33
DA:119,33
DA:120,17
DA:121,17
DA:122,17
DA:124,16
DA:128,19
DA:129,2
DA:130,2
DA:131,0
DA:138,2
DA:139,2
DA:143,17
DA:144,17
DA:145,7
DA:146,7
DA:147,7
DA:148,7
DA:149,7
DA:152,7
DA:153,7
DA:163,7
DA:164,7
DA:165,19
DA:166,19
DA:167,19
DA:168,5
DA:169,5
DA:170,5
DA:171,5
DA:172,5
DA:173,5
DA:175,14
DA:179,7
DA:180,2
DA:182,2
DA:183,2
DA:187,7
DA:188,7
DA:192,13
DA:193,13
DA:195,13
DA:196,13
DA:199,13
DA:200,13
DA:202,13
DA:203,7
DA:204,7
DA:207,7
DA:208,8
DA:210,7
DA:212,7
DA:213,7
DA:214,6
DA:215,2
DA:216,2
DA:219,13
DA:220,9
DA:221,9
DA:224,9
DA:226,9
DA:227,9
DA:229,0
DA:230,0
DA:231,0
DA:232,0
DA:233,0
DA:237,13
DA:238,4
DA:240,4
DA:244,10
DA:245,10
DA:246,10
DA:247,10
DA:253,10
DA:256,0
DA:257,0
DA:258,0
DA:259,0
DA:260,0
DA:261,0
DA:264,0
DA:267,0
DA:269,0
DA:271,0
DA:273,0
DA:275,0
DA:277,0
DA:279,0
DA:280,0
DA:283,0
DA:284,0
DA:292,13
DA:293,13
DA:295,13
DA:296,13
DA:301,2
LF:145
LH:120
BRDA:6,0,0,35
BRDA:128,1,0,2
BRDA:128,1,1,17
BRDA:179,2,0,2
BRDA:179,2,1,5
BRDA:202,3,0,7
BRDA:202,3,1,6
BRDA:202,4,0,13
BRDA:202,4,1,7
BRDA:208,5,0,8
BRDA:208,5,1,5
BRDA:208,5,2,5
BRDA:214,6,0,2
BRDA:214,6,1,4
BRDA:214,7,0,6
BRDA:214,7,1,2
BRDA:219,8,0,9
BRDA:219,8,1,4
BRDA:219,9,0,13
BRDA:219,9,1,9
BRDA:226,10,0,9
BRDA:226,10,1,0
BRDA:237,11,0,4
BRDA:237,11,1,9
BRDA:271,12,0,0
BRDA:271,12,1,0
BRDA:273,13,0,0
BRDA:273,13,1,0
BRDA:275,14,0,0
BRDA:275,14,1,0
BRDA:277,15,0,0
BRDA:277,15,1,0
BRDA:279,16,0,0
BRDA:279,16,1,0
BRDA:292,17,0,13
BRDA:292,17,1,0
BRF:36
BRH:24
end_of_record
TN:
SF:session/sessionManager.js
FN:9,getSessionFilePath
FN:13,normalizeCookies
FN:14,(anonymous_2)
FN:42,saveCookies
FN:47,loadCookies
FN:57,loadCookiesFromExportedFile
FN:76,importCookiesFromBrowser
FNF:7
FNH:7
FNDA:8,getSessionFilePath
FNDA:10,normalizeCookies
FNDA:21,(anonymous_2)
FNDA:5,saveCookies
FNDA:3,loadCookies
FNDA:5,loadCookiesFromExportedFile
FNDA:3,importCookiesFromBrowser
DA:1,3
DA:2,3
DA:4,3
DA:5,3
DA:6,1
DA:10,8
DA:14,10
DA:16,21
DA:17,21
DA:18,6
DA:19,15
DA:20,2
DA:21,13
DA:22,1
DA:25,21
DA:44,5
DA:48,3
DA:49,3
DA:51,2
DA:52,1
DA:54,1
DA:58,5
DA:60,5
DA:63,2
DA:66,2
DA:68,2
DA:69,2
DA:71,3
DA:72,3
DA:77,3
DA:79,3
DA:80,2
DA:81,2
DA:83,1
DA:84,1
DA:85,1
DA:86,1
DA:87,1
DA:88,1
DA:89,1
DA:93,3
LF:41
LH:41
BRDA:5,0,0,1
BRDA:5,0,1,2
BRDA:17,1,0,6
BRDA:17,1,1,15
BRDA:17,2,0,21
BRDA:17,2,1,20
BRDA:17,2,2,19
BRDA:19,3,0,2
BRDA:19,3,1,13
BRDA:21,4,0,1
BRDA:21,4,1,12
BRDA:29,5,0,21
BRDA:29,5,1,7
BRDA:30,6,0,21
BRDA:30,6,1,0
BRDA:31,7,0,21
BRDA:31,7,1,5
BRDA:32,8,0,21
BRDA:32,8,1,8
BRDA:33,9,0,21
BRDA:33,9,1,8
BRDA:34,10,0,21
BRDA:34,10,1,14
BRDA:49,11,0,2
BRDA:49,11,1,1
BRDA:79,12,0,2
BRDA:79,12,1,1
BRF:27
BRH:26
end_of_record
